{
  "RSpec": {
    "coverage": {
      "/Users/alexanderstandke/git/lazy-legume/lazylegume/config/environment.rb": [
        null,
        1,
        null,
        null,
        1
      ],
      "/Users/alexanderstandke/git/lazy-legume/lazylegume/config/application.rb": [
        1,
        null,
        1,
        null,
        null,
        null,
        1,
        null,
        1,
        1,
        null,
        null,
        null,
        null,
        null,
        null,
        null,
        null,
        null,
        null,
        null,
        null,
        null
      ],
      "/Users/alexanderstandke/git/lazy-legume/lazylegume/config/boot.rb": [
        null,
        1,
        null,
        1
      ],
      "/Users/alexanderstandke/git/lazy-legume/lazylegume/config/environments/test.rb": [
        1,
        null,
        null,
        null,
        null,
        null,
        null,
        1,
        null,
        null,
        null,
        null,
        1,
        null,
        null,
        1,
        1,
        null,
        null,
        1,
        1,
        null,
        null,
        1,
        null,
        null,
        1,
        null,
        null,
        null,
        null,
        1,
        null,
        null,
        1,
        null,
        null,
        null,
        null
      ],
      "/Users/alexanderstandke/git/lazy-legume/lazylegume/config/initializers/backtrace_silencers.rb": [
        null,
        null,
        null,
        null,
        null,
        null,
        null
      ],
      "/Users/alexanderstandke/git/lazy-legume/lazylegume/config/initializers/filter_parameter_logging.rb": [
        null,
        null,
        null,
        1
      ],
      "/Users/alexanderstandke/git/lazy-legume/lazylegume/config/initializers/inflections.rb": [
        null,
        null,
        null,
        null,
        null,
        null,
        null,
        null,
        null,
        null,
        null,
        null,
        null,
        null,
        null,
        null
      ],
      "/Users/alexanderstandke/git/lazy-legume/lazylegume/config/initializers/mime_types.rb": [
        null,
        null,
        null,
        null,
        null
      ],
      "/Users/alexanderstandke/git/lazy-legume/lazylegume/config/initializers/secret_token.rb": [
        null,
        null,
        null,
        null,
        null,
        null,
        null,
        null,
        null,
        null,
        null,
        1
      ],
      "/Users/alexanderstandke/git/lazy-legume/lazylegume/config/initializers/session_store.rb": [
        null,
        null,
        1
      ],
      "/Users/alexanderstandke/git/lazy-legume/lazylegume/config/initializers/wrap_parameters.rb": [
        null,
        null,
        null,
        null,
        null,
        null,
        1,
        1,
        null,
        null,
        null,
        null,
        null,
        null
      ],
      "/Users/alexanderstandke/git/lazy-legume/lazylegume/config/routes.rb": [
        1,
        1,
        1,
        1,
        1,
        null,
        1,
        null
      ],
      "/Users/alexanderstandke/git/lazy-legume/lazylegume/app/helpers/application_helper.rb": [
        1,
        1,
        null,
        0,
        null,
        null,
        null,
        null,
        null,
        null
      ],
      "/Users/alexanderstandke/git/lazy-legume/lazylegume/app/helpers/feeds_helper.rb": [
        1,
        null
      ],
      "/Users/alexanderstandke/git/lazy-legume/lazylegume/app/helpers/shows_helper.rb": [
        1,
        null
      ],
      "/Users/alexanderstandke/git/lazy-legume/lazylegume/app/controllers/feeds_controller.rb": [
        1,
        1,
        null,
        1,
        1,
        null,
        null,
        1,
        null,
        null,
        1,
        0,
        null,
        null,
        1,
        null,
        null,
        1,
        0,
        0,
        0,
        null,
        null,
        1,
        0,
        0,
        null,
        null,
        1,
        0,
        0,
        null,
        null,
        1,
        1,
        0,
        null,
        null,
        1,
        0,
        null,
        null
      ],
      "/Users/alexanderstandke/git/lazy-legume/lazylegume/app/controllers/application_controller.rb": [
        1,
        null,
        null,
        1,
        null
      ],
      "/Users/alexanderstandke/git/lazy-legume/lazylegume/app/controllers/index_controller.rb": [
        1,
        1,
        null,
        null
      ],
      "/Users/alexanderstandke/git/lazy-legume/lazylegume/app/controllers/rules_controller.rb": [
        1,
        1,
        null,
        1,
        0,
        0,
        null,
        null,
        1,
        0,
        0,
        0,
        null,
        null,
        1,
        0,
        null,
        null,
        1,
        0,
        null,
        null,
        1,
        1,
        0,
        0,
        null,
        null,
        1,
        0,
        null,
        null
      ],
      "/Users/alexanderstandke/git/lazy-legume/lazylegume/app/controllers/shows_controller.rb": [
        1,
        1,
        null,
        1,
        1,
        null,
        null,
        1,
        null,
        null,
        1,
        0,
        null,
        null,
        1,
        null,
        null,
        1,
        0,
        0,
        0,
        null,
        null,
        1,
        0,
        0,
        null,
        null,
        1,
        0,
        0,
        null,
        null,
        1,
        1,
        0,
        null,
        null,
        1,
        0,
        null,
        null
      ],
      "/Users/alexanderstandke/git/lazy-legume/lazylegume/app/models/episode.rb": [
        1,
        1,
        1,
        1,
        1,
        null,
        1,
        null,
        1,
        14,
        28,
        12,
        12,
        null,
        null,
        null,
        null,
        null,
        null
      ],
      "/Users/alexanderstandke/git/lazy-legume/lazylegume/app/services/scan_rss.rb": [
        1,
        null,
        1,
        1,
        1,
        1,
        null,
        null,
        1,
        4,
        4,
        4,
        36,
        20,
        null,
        null,
        null,
        null,
        null,
        1,
        3,
        19,
        null,
        null,
        null,
        1,
        2,
        10,
        null,
        null,
        null,
        1,
        null,
        1,
        0,
        null,
        null,
        null
      ],
      "/Users/alexanderstandke/git/lazy-legume/lazylegume/app/models/feed.rb": [
        1,
        1,
        null
      ],
      "/Users/alexanderstandke/git/lazy-legume/lazylegume/app/models/show.rb": [
        1,
        1,
        null
      ]
    },
    "timestamp": 1427953499
  }
}
